<?xml version="1.0" encoding="UTF-8" ?>
<testsuite tests="3" failures="1" name="eu.jpereira.trainings.designpatterns.creational.singleton.ReportBuilderTest" time="1.864" errors="0" skipped="0">
  <properties>
[...]
</properties>
  <testcase classname="eu.jpereira.trainings.designpatterns.creational.singleton.ReportBuilderTest" name="testGetSingleton" time="1.097"/>
  <testcase classname="eu.jpereira.trainings.designpatterns.creational.singleton.ReportBuilderTest" name="measureInitializeTime" time="0.263"/>
  <testcase classname="eu.jpereira.trainings.designpatterns.creational.singleton.ReportBuilderTest" name="testMultiThreading" time="0.504">
    <failure message="expected:&lt;eu.jpereira.trainings.designpatterns.creational.singleton.ReportBuilder@309dc015&gt; but was:&lt;eu.jpereira.trainings.designpatterns.creational.singleton.ReportBuilder@19d9d1f6&gt;" type="java.lang.AssertionError">java.lang.AssertionError: expected:&lt;eu.jpereira.trainings.designpatterns.creational.singleton.ReportBuilder@309dc015&gt; but was:&lt;eu.jpereira.trainings.designpatterns.creational.singleton.ReportBuilder@19d9d1f6&gt;
	at org.junit.Assert.fail(Assert.java:93)
	at org.junit.Assert.failNotEquals(Assert.java:647)
	at org.junit.Assert.assertEquals(Assert.java:128)
	at org.junit.Assert.assertEquals(Assert.java:147)
	at eu.jpereira.trainings.designpatterns.creational.singleton.ReportBuilderTest.testMultiThreading(ReportBuilderTest.java:72)
	at java.base/jdk.internal.reflect.NativeMethodAccessorImpl.invoke0(Native Method)
	at java.base/jdk.internal.reflect.NativeMethodAccessorImpl.invoke(NativeMethodAccessorImpl.java:77)
	at java.base/jdk.internal.reflect.DelegatingMethodAccessorImpl.invoke(DelegatingMethodAccessorImpl.java:43)
	at java.base/java.lang.reflect.Method.invoke(Method.java:568)
	at org.junit.runners.model.FrameworkMethod$1.runReflectiveCall(FrameworkMethod.java:44)
	at org.junit.internal.runners.model.ReflectiveCallable.run(ReflectiveCallable.java:15)
	at org.junit.runners.model.FrameworkMethod.invokeExplosively(FrameworkMethod.java:41)
	at org.junit.internal.runners.statements.InvokeMethod.evaluate(InvokeMethod.java:20)
	at org.junit.internal.runners.statements.RunBefores.evaluate(RunBefores.java:28)
	at org.junit.runners.ParentRunner.runLeaf(ParentRunner.java:263)
	at org.junit.runners.BlockJUnit4ClassRunner.runChild(BlockJUnit4ClassRunner.java:69)
	at org.junit.runners.BlockJUnit4ClassRunner.runChild(BlockJUnit4ClassRunner.java:48)
	at org.junit.runners.ParentRunner$3.run(ParentRunner.java:231)
	at org.junit.runners.ParentRunner$1.schedule(ParentRunner.java:60)
	at org.junit.runners.ParentRunner.runChildren(ParentRunner.java:229)
	at org.junit.runners.ParentRunner.access$000(ParentRunner.java:50)
	at org.junit.runners.ParentRunner$2.evaluate(ParentRunner.java:222)
	at org.junit.runners.ParentRunner.run(ParentRunner.java:292)
	at org.apache.maven.surefire.junit4.JUnit4Provider.execute(JUnit4Provider.java:252)
	at org.apache.maven.surefire.junit4.JUnit4Provider.executeTestSet(JUnit4Provider.java:141)
	at org.apache.maven.surefire.junit4.JUnit4Provider.invoke(JUnit4Provider.java:112)
	at java.base/jdk.internal.reflect.NativeMethodAccessorImpl.invoke0(Native Method)
	at java.base/jdk.internal.reflect.NativeMethodAccessorImpl.invoke(NativeMethodAccessorImpl.java:77)
	at java.base/jdk.internal.reflect.DelegatingMethodAccessorImpl.invoke(DelegatingMethodAccessorImpl.java:43)
	at java.base/java.lang.reflect.Method.invoke(Method.java:568)
	at org.apache.maven.surefire.util.ReflectionUtils.invokeMethodWithArray(ReflectionUtils.java:189)
	at org.apache.maven.surefire.booter.ProviderFactory$ProviderProxy.invoke(ProviderFactory.java:165)
	at org.apache.maven.surefire.booter.ProviderFactory.invokeProvider(ProviderFactory.java:85)
	at org.apache.maven.surefire.booter.ForkedBooter.runSuitesInProcess(ForkedBooter.java:115)
	at org.apache.maven.surefire.booter.ForkedBooter.main(ForkedBooter.java:75)
</failure>
    <system-out>Getting instance for Thread 14
Instance is null for Thread 14
Getting instance for Thread 15
Instance is null for Thread 15
Getting instance for Thread 16
Instance is null for Thread 16
Getting instance for Thread 17
Getting instance for Thread 18
Instance is null for Thread 18
Instance is null for Thread 17
Getting instance for Thread 19
Instance is null for Thread 19
Getting instance for Thread 20
Instance is null for Thread 20
Getting instance for Thread 21
Instance is null for Thread 21
Getting instance for Thread 22
Instance is null for Thread 22
Getting instance for Thread 23
Instance is null for Thread 23
Returing 815644693 instance to Thread 14
Thread 14 died!
Returing 433705462 instance to Thread 16
Returing 1426707979 instance to Thread 17
Returing 2059041130 instance to Thread 19
Returing 2109337884 instance to Thread 22
Returing 1004203613 instance to Thread 15
Thread 15 died!
Thread 16 died!
Thread 17 died!
Returing 1948906822 instance to Thread 23
Returing 904125647 instance to Thread 21
Returing 511666392 instance to Thread 18
Thread 18 died!
Thread 19 died!
Returing 810061546 instance to Thread 20
Thread 20 died!
Thread 21 died!
Thread 22 died!
Thread 23 died!
</system-out>
  </testcase>
</testsuite>